E:\BUET-CSE-FEST-2026\courses\rag_service.py:1: FutureWarning: 

All support for the `google.generativeai` package has ended. It will no longer be receiving 
updates or bug fixes. Please switch to the `google.genai` package as soon as possible.
See README for more details:

https://github.com/google-gemini/deprecated-generative-ai-python/blob/main/README.md

  import google.generativeai as genai
--- Starting AI & RAG Feature Validation ---

1. Testing Vector Store (ChromaDB)...
Traceback (most recent call last):
  File "E:\BUET-CSE-FEST-2026\test_ai_features.py", line 22, in test_ai_features
    print(f"   \u2713 ChromaDB active. Total documents indexed: {stats.get('total_documents')}")
  File "C:\Users\armda\AppData\Local\Programs\Python\Python311\Lib\encodings\cp1252.py", line 19, in encode
    return codecs.charmap_encode(input,self.errors,encoding_table)[0]
           ^^^^^^^^^^^^^^^^^^^^^^^^^^^^^^^^^^^^^^^^^^^^^^^^^^^^^^^
UnicodeEncodeError: 'charmap' codec can't encode character '\u2713' in position 3: character maps to <undefined>

During handling of the above exception, another exception occurred:

Traceback (most recent call last):
  File "E:\BUET-CSE-FEST-2026\test_ai_features.py", line 68, in <module>
    test_ai_features()
  File "E:\BUET-CSE-FEST-2026\test_ai_features.py", line 31, in test_ai_features
    print(f"   \u2717 Vector Store Error: {e}")
  File "C:\Users\armda\AppData\Local\Programs\Python\Python311\Lib\encodings\cp1252.py", line 19, in encode
    return codecs.charmap_encode(input,self.errors,encoding_table)[0]
           ^^^^^^^^^^^^^^^^^^^^^^^^^^^^^^^^^^^^^^^^^^^^^^^^^^^^^^^
UnicodeEncodeError: 'charmap' codec can't encode character '\u2717' in position 3: character maps to <undefined>
